<?xml version="1.0" encoding="UTF-8"?>
<!-- Generated by org.testng.reporters.JUnitReportReporter -->
<testsuite hostname="Anand-LAPTOP-9TM2J409" failures="0" tests="1" name="extentReports.TolearnExtendReports" time="0.872" errors="0" timestamp="2024-08-09T11:58:46 IST" skipped="0">
  <testcase classname="extentReports.TolearnExtendReports" name="createReport" time="0.872"/>
  <system-out/>
</testsuite> <!-- extentReports.TolearnExtendReports -->
