<?xml version="1.0" encoding="UTF-8"?>
<!-- Generated by org.testng.reporters.JUnitReportReporter -->
<testsuite hostname="LAPTOP-9TM2J409" failures="0" tests="1" name="demo.Sample" time="0.018" errors="0" timestamp="2024-07-26T12:14:06 IST" skipped="0">
  <testcase classname="demo.Sample" name="demo" time="0.018"/>
  <system-out>
    <![CDATA[test script passed ]]>
  </system-out>
</testsuite> <!-- demo.Sample -->
