<?xml version="1.0" encoding="UTF-8"?>
<!-- Generated by org.testng.reporters.JUnitReportReporter -->
<testsuite hostname="Anand-LAPTOP-9TM2J409" failures="0" tests="1" name="extentReports.ToaddScreenshotIntoReports" time="18.477" errors="0" timestamp="2024-08-09T12:20:46 IST" skipped="0">
  <testcase classname="extentReports.ToaddScreenshotIntoReports" name="addScreenshot" time="18.477"/>
  <system-out/>
</testsuite> <!-- extentReports.ToaddScreenshotIntoReports -->
